2024-04-10 03:09:44 - All options -e, -r, and -d are required.
2024-04-10 03:09:44 - Usage: ./backup.sh -e <encryption_password> -r <source_dir1,source_dir2,...> -d <backup_root_dir> [-l <log_file>]
2024-04-10 03:09:44 -   -e    Encryption password for securing backup files.
2024-04-10 03:09:44 -   -r    Comma-separated list of directories or files to backup.
2024-04-10 03:09:44 -   -d    Destination directory for storing backup files.
2024-04-10 03:09:44 -   -l    Optional: Log file location. Default is ./backup.log.
2024-04-10 03:10:17 - All options -e, -r, and -d are required.
2024-04-10 03:10:27 - All options -e, -r, and -d are required.
2024-04-10 03:10:35 - All options -e, -r, and -d are required.
2024-04-10 03:10:35 - Usage: ./backup.sh -e <encryption_password> -r <source_dir1,source_dir2,...> -d <backup_root_dir> [-l <log_file>]
2024-04-10 03:10:35 -   -e    Encryption password for securing backup files.
2024-04-10 03:10:35 -   -r    Comma-separated list of directories or files to backup.
2024-04-10 03:10:35 -   -d    Destination directory for storing backup files.
2024-04-10 03:10:35 -   -l    Optional: Log file location. Default is ./backup.log.
2024-04-10 03:13:38 - [0;31mError: All options -e, -r, and -d are required.[0m
2024-04-10 03:13:38 - [0;31mUsage: ./backup.sh -e <encryption_password> -r <source_dir1,source_dir2,...> -d <backup_root_dir> [-l <log_file>][0m
2024-04-10 03:13:38 - Options:
2024-04-10 03:13:38 -   [0;32m-e    Encryption password for securing backup files.[0m
2024-04-10 03:13:38 -   [0;32m-r    Comma-separated list of directories or files to backup.[0m
2024-04-10 03:13:38 -   [0;32m-d    Destination directory for storing backup files.[0m
2024-04-10 03:13:38 -   [1;33m-l    Optional: Log file location. Default is ./backup.log.[0m
2024-04-10 03:17:04 - [0;31mUsage: ./backup.sh -e <encryption_password> -r <source_dir1,source_dir2,...> -d <backup_root_dir> [-l <log_file>][0m
2024-04-10 03:17:04 - Options:
2024-04-10 03:17:04 -   [0;32m-e    Encryption password for securing backup files.[0m
2024-04-10 03:17:04 -   [0;32m-r    Comma-separated list of directories or files to backup.[0m
2024-04-10 03:17:04 -   [0;32m-d    Destination directory for storing backup files.[0m
2024-04-10 03:17:04 -   [1;33m-l    Optional: Log file location. Default is ./backup.log.[0m
